[2025-06-30 22:54:40] [INFO] 
====================================================================================================

[2025-06-30 22:54:40] [INFO] =========================================== STARTING BOT ===========================================

[2025-06-30 22:54:40] [INFO] ====================================================================================================
[2025-06-30 22:54:40] [INFO] Running in SIMULATION MODE
[2025-06-30 22:55:40] [INFO] 
Wallet Address: SIMULATION_WALLET
[2025-06-30 22:55:40] [INFO] Starting Balance: 0.6405 SOL ($100.00 USD)
[2025-06-30 22:55:40] [INFO] Current SOL Price: $156.14
[2025-06-30 22:55:40] [INFO] Position Size: $2.00 USD per trade
[2025-06-30 22:55:40] [INFO] Session Duration: 4.0 minutes (Note: Bot will run indefinitely until stopped.)
[2025-06-30 22:55:40] [INFO] ====================================================================================================
[2025-06-30 22:55:40] [INFO] Polling Dexscreener for new tokens (triggered by WS: False)...
[2025-06-30 22:55:40] [INFO] Connecting to WebSocket RPC: wss://api.mainnet-beta.solana.com
[2025-06-30 22:55:40] [INFO] Background threads started.
[2025-06-30 22:55:42] [DEBUG] DEBUG: 30 tokens found in initial Dexscreener profile poll.
[2025-06-30 22:55:42] [INFO] Subscribed to Raydium AMM V2 logs. Subscription ID: 114217415
[2025-06-30 22:55:43] [DEBUG] DEBUG: 4 tokens passed initial age check.
[2025-06-30 22:55:43] [DEBUG] DEBUG: 4 tokens will be fully evaluated (after age filter and max_tokens_per_poll limit).
[2025-06-30 22:55:43] [INFO] SKIP BUY: Low buy/sell ratio (1.25) for Internet Meme Markets (IMM).
[2025-06-30 22:55:43] [INFO] SKIP BUY: Low liquidity ($0.00) for Monkey Mode (OohOoh).
[2025-06-30 22:55:43] [INFO] SKIP BUY: Low liquidity ($0.00) for Moon Helmet (HELMET).
[2025-06-30 22:55:43] [INFO] SKIP BUY: Too old (1747s) for PV=nRT (PV=nRT).
[2025-06-30 22:55:43] [INFO] Finished Dexscreener poll. Processed 0 new potential tokens that met buy criteria.
[2025-06-30 22:55:46] [INFO] Polling Dexscreener for new tokens (triggered by WS: False)...
[2025-06-30 22:55:47] [DEBUG] DEBUG: 30 tokens found in initial Dexscreener profile poll.
[2025-06-30 22:55:47] [DEBUG] DEBUG: No new potential tokens found in this profile poll after checking seen tokens.
[2025-06-30 22:55:49] [INFO] Polling Dexscreener for new tokens (triggered by WS: False)...
[2025-06-30 22:55:50] [DEBUG] DEBUG: 30 tokens found in initial Dexscreener profile poll.
[2025-06-30 22:55:50] [DEBUG] DEBUG: No new potential tokens found in this profile poll after checking seen tokens.
[2025-06-30 22:55:52] [INFO] Polling Dexscreener for new tokens (triggered by WS: False)...
[2025-06-30 22:55:53] [DEBUG] DEBUG: 30 tokens found in initial Dexscreener profile poll.
[2025-06-30 22:55:53] [DEBUG] DEBUG: No new potential tokens found in this profile poll after checking seen tokens.
[2025-06-30 22:55:55] [INFO] Polling Dexscreener for new tokens (triggered by WS: False)...
[2025-06-30 22:55:56] [DEBUG] DEBUG: 30 tokens found in initial Dexscreener profile poll.
[2025-06-30 22:55:56] [DEBUG] DEBUG: No new potential tokens found in this profile poll after checking seen tokens.
[2025-06-30 22:55:58] [INFO] Polling Dexscreener for new tokens (triggered by WS: False)...
[2025-06-30 22:55:59] [DEBUG] DEBUG: 30 tokens found in initial Dexscreener profile poll.
[2025-06-30 22:56:00] [DEBUG] DEBUG: No new potential tokens found in this profile poll after checking seen tokens.
[2025-06-30 22:56:01] [INFO] Polling Dexscreener for new tokens (triggered by WS: False)...
[2025-06-30 22:56:03] [DEBUG] DEBUG: 30 tokens found in initial Dexscreener profile poll.
[2025-06-30 22:56:03] [DEBUG] DEBUG: No new potential tokens found in this profile poll after checking seen tokens.
[2025-06-30 22:56:04] [INFO] Polling Dexscreener for new tokens (triggered by WS: False)...
[2025-06-30 22:56:05] [DEBUG] DEBUG: 30 tokens found in initial Dexscreener profile poll.
[2025-06-30 22:56:06] [DEBUG] DEBUG: No new potential tokens found in this profile poll after checking seen tokens.
[2025-06-30 22:56:07] [INFO] Polling Dexscreener for new tokens (triggered by WS: False)...
[2025-06-30 22:56:09] [DEBUG] DEBUG: 30 tokens found in initial Dexscreener profile poll.
[2025-06-30 22:56:09] [DEBUG] DEBUG: No new potential tokens found in this profile poll after checking seen tokens.
[2025-06-30 22:56:11] [INFO] Polling Dexscreener for new tokens (triggered by WS: False)...
[2025-06-30 22:56:12] [DEBUG] DEBUG: 30 tokens found in initial Dexscreener profile poll.
[2025-06-30 22:56:12] [DEBUG] DEBUG: No new potential tokens found in this profile poll after checking seen tokens.
[2025-06-30 22:56:14] [INFO] Polling Dexscreener for new tokens (triggered by WS: False)...
[2025-06-30 22:56:15] [DEBUG] DEBUG: 30 tokens found in initial Dexscreener profile poll.
[2025-06-30 22:56:15] [DEBUG] DEBUG: No new potential tokens found in this profile poll after checking seen tokens.
[2025-06-30 22:56:17] [INFO] Polling Dexscreener for new tokens (triggered by WS: False)...
[2025-06-30 22:56:18] [DEBUG] DEBUG: 30 tokens found in initial Dexscreener profile poll.
[2025-06-30 22:56:18] [DEBUG] DEBUG: No new potential tokens found in this profile poll after checking seen tokens.
[2025-06-30 22:56:20] [INFO] Polling Dexscreener for new tokens (triggered by WS: False)...
[2025-06-30 22:56:21] [DEBUG] DEBUG: 30 tokens found in initial Dexscreener profile poll.
[2025-06-30 22:56:21] [DEBUG] DEBUG: No new potential tokens found in this profile poll after checking seen tokens.
[2025-06-30 22:56:23] [INFO] Polling Dexscreener for new tokens (triggered by WS: False)...
[2025-06-30 22:56:24] [DEBUG] DEBUG: 30 tokens found in initial Dexscreener profile poll.
[2025-06-30 22:56:24] [DEBUG] DEBUG: No new potential tokens found in this profile poll after checking seen tokens.
[2025-06-30 22:56:26] [INFO] Polling Dexscreener for new tokens (triggered by WS: False)...
[2025-06-30 22:56:27] [DEBUG] DEBUG: 30 tokens found in initial Dexscreener profile poll.
[2025-06-30 22:56:27] [DEBUG] DEBUG: No new potential tokens found in this profile poll after checking seen tokens.
[2025-06-30 22:56:29] [INFO] Polling Dexscreener for new tokens (triggered by WS: False)...
[2025-06-30 22:56:30] [DEBUG] DEBUG: 30 tokens found in initial Dexscreener profile poll.
[2025-06-30 22:56:30] [DEBUG] DEBUG: No new potential tokens found in this profile poll after checking seen tokens.
[2025-06-30 22:56:32] [INFO] Polling Dexscreener for new tokens (triggered by WS: False)...
[2025-06-30 22:56:33] [DEBUG] DEBUG: 30 tokens found in initial Dexscreener profile poll.
[2025-06-30 22:56:33] [DEBUG] DEBUG: No new potential tokens found in this profile poll after checking seen tokens.
[2025-06-30 22:56:35] [INFO] Polling Dexscreener for new tokens (triggered by WS: False)...
[2025-06-30 22:56:36] [DEBUG] DEBUG: 30 tokens found in initial Dexscreener profile poll.
[2025-06-30 22:56:36] [DEBUG] DEBUG: No new potential tokens found in this profile poll after checking seen tokens.
[2025-06-30 22:56:38] [INFO] Polling Dexscreener for new tokens (triggered by WS: False)...
[2025-06-30 22:56:39] [DEBUG] DEBUG: 30 tokens found in initial Dexscreener profile poll.
[2025-06-30 22:56:39] [DEBUG] DEBUG: No new potential tokens found in this profile poll after checking seen tokens.
[2025-06-30 22:56:40] [DEBUG] Updated SOL price to $156.03
[2025-06-30 22:56:41] [INFO] Polling Dexscreener for new tokens (triggered by WS: False)...
[2025-06-30 22:56:42] [DEBUG] DEBUG: 30 tokens found in initial Dexscreener profile poll.
[2025-06-30 22:56:42] [DEBUG] DEBUG: No new potential tokens found in this profile poll after checking seen tokens.
[2025-06-30 22:56:44] [INFO] Polling Dexscreener for new tokens (triggered by WS: False)...
[2025-06-30 22:56:45] [DEBUG] DEBUG: 30 tokens found in initial Dexscreener profile poll.
[2025-06-30 22:56:45] [DEBUG] DEBUG: No new potential tokens found in this profile poll after checking seen tokens.
[2025-06-30 22:56:47] [INFO] Polling Dexscreener for new tokens (triggered by WS: False)...
[2025-06-30 22:56:48] [DEBUG] DEBUG: 30 tokens found in initial Dexscreener profile poll.
[2025-06-30 22:56:48] [DEBUG] DEBUG: No new potential tokens found in this profile poll after checking seen tokens.
[2025-06-30 22:56:50] [INFO] Polling Dexscreener for new tokens (triggered by WS: False)...
[2025-06-30 22:56:51] [DEBUG] DEBUG: 30 tokens found in initial Dexscreener profile poll.
[2025-06-30 22:56:51] [DEBUG] DEBUG: No new potential tokens found in this profile poll after checking seen tokens.
[2025-06-30 22:56:53] [INFO] Polling Dexscreener for new tokens (triggered by WS: False)...
[2025-06-30 22:56:54] [DEBUG] DEBUG: 30 tokens found in initial Dexscreener profile poll.
[2025-06-30 22:56:54] [DEBUG] DEBUG: No new potential tokens found in this profile poll after checking seen tokens.
[2025-06-30 22:56:56] [INFO] Polling Dexscreener for new tokens (triggered by WS: False)...
[2025-06-30 22:56:57] [DEBUG] DEBUG: 30 tokens found in initial Dexscreener profile poll.
[2025-06-30 22:56:57] [DEBUG] DEBUG: No new potential tokens found in this profile poll after checking seen tokens.
[2025-06-30 22:56:59] [INFO] Polling Dexscreener for new tokens (triggered by WS: False)...
[2025-06-30 22:57:00] [DEBUG] DEBUG: 30 tokens found in initial Dexscreener profile poll.
[2025-06-30 22:57:00] [DEBUG] DEBUG: No new potential tokens found in this profile poll after checking seen tokens.
[2025-06-30 22:57:02] [INFO] Polling Dexscreener for new tokens (triggered by WS: False)...
[2025-06-30 22:57:03] [DEBUG] DEBUG: 30 tokens found in initial Dexscreener profile poll.
[2025-06-30 22:57:04] [DEBUG] DEBUG: No new potential tokens found in this profile poll after checking seen tokens.
[2025-06-30 22:57:05] [INFO] Polling Dexscreener for new tokens (triggered by WS: False)...
[2025-06-30 22:57:07] [DEBUG] DEBUG: 30 tokens found in initial Dexscreener profile poll.
[2025-06-30 22:57:07] [DEBUG] DEBUG: No new potential tokens found in this profile poll after checking seen tokens.
[2025-06-30 22:57:08] [INFO] Polling Dexscreener for new tokens (triggered by WS: False)...
[2025-06-30 22:57:10] [DEBUG] DEBUG: 30 tokens found in initial Dexscreener profile poll.
[2025-06-30 22:57:10] [DEBUG] DEBUG: No new potential tokens found in this profile poll after checking seen tokens.
[2025-06-30 22:57:11] [INFO] Polling Dexscreener for new tokens (triggered by WS: False)...
[2025-06-30 22:57:13] [DEBUG] DEBUG: 30 tokens found in initial Dexscreener profile poll.
[2025-06-30 22:57:13] [DEBUG] DEBUG: No new potential tokens found in this profile poll after checking seen tokens.
[2025-06-30 22:57:15] [INFO] Polling Dexscreener for new tokens (triggered by WS: False)...
[2025-06-30 22:57:16] [DEBUG] DEBUG: 30 tokens found in initial Dexscreener profile poll.
[2025-06-30 22:57:16] [DEBUG] DEBUG: No new potential tokens found in this profile poll after checking seen tokens.
[2025-06-30 22:57:18] [INFO] Polling Dexscreener for new tokens (triggered by WS: False)...
[2025-06-30 22:57:19] [DEBUG] DEBUG: 30 tokens found in initial Dexscreener profile poll.
[2025-06-30 22:57:19] [DEBUG] DEBUG: No new potential tokens found in this profile poll after checking seen tokens.
[2025-06-30 22:57:21] [INFO] Polling Dexscreener for new tokens (triggered by WS: False)...
[2025-06-30 22:57:22] [DEBUG] DEBUG: 30 tokens found in initial Dexscreener profile poll.
[2025-06-30 22:57:22] [DEBUG] DEBUG: No new potential tokens found in this profile poll after checking seen tokens.
[2025-06-30 22:57:24] [INFO] Polling Dexscreener for new tokens (triggered by WS: False)...
[2025-06-30 22:57:25] [DEBUG] DEBUG: 30 tokens found in initial Dexscreener profile poll.
[2025-06-30 22:57:25] [DEBUG] DEBUG: No new potential tokens found in this profile poll after checking seen tokens.
[2025-06-30 22:57:27] [INFO] Polling Dexscreener for new tokens (triggered by WS: False)...
[2025-06-30 22:57:28] [DEBUG] DEBUG: 30 tokens found in initial Dexscreener profile poll.
[2025-06-30 22:57:28] [DEBUG] DEBUG: No new potential tokens found in this profile poll after checking seen tokens.
[2025-06-30 22:57:30] [INFO] Polling Dexscreener for new tokens (triggered by WS: False)...
[2025-06-30 22:57:31] [DEBUG] DEBUG: 30 tokens found in initial Dexscreener profile poll.
[2025-06-30 22:57:31] [DEBUG] DEBUG: No new potential tokens found in this profile poll after checking seen tokens.
[2025-06-30 22:57:33] [INFO] Polling Dexscreener for new tokens (triggered by WS: False)...
[2025-06-30 22:57:35] [DEBUG] DEBUG: 30 tokens found in initial Dexscreener profile poll.
[2025-06-30 22:57:35] [DEBUG] DEBUG: No new potential tokens found in this profile poll after checking seen tokens.
[2025-06-30 22:57:36] [INFO] Polling Dexscreener for new tokens (triggered by WS: False)...
[2025-06-30 22:57:37] [DEBUG] DEBUG: 30 tokens found in initial Dexscreener profile poll.
[2025-06-30 22:57:37] [DEBUG] DEBUG: No new potential tokens found in this profile poll after checking seen tokens.
[2025-06-30 22:57:39] [INFO] Polling Dexscreener for new tokens (triggered by WS: False)...
[2025-06-30 22:57:40] [DEBUG] DEBUG: 30 tokens found in initial Dexscreener profile poll.
[2025-06-30 22:57:40] [DEBUG] Updated SOL price to $156.07
[2025-06-30 22:57:40] [DEBUG] DEBUG: No new potential tokens found in this profile poll after checking seen tokens.
[2025-06-30 22:57:42] [INFO] Polling Dexscreener for new tokens (triggered by WS: False)...
[2025-06-30 22:57:43] [DEBUG] DEBUG: 30 tokens found in initial Dexscreener profile poll.
[2025-06-30 22:57:43] [DEBUG] DEBUG: No new potential tokens found in this profile poll after checking seen tokens.
[2025-06-30 22:57:45] [INFO] Polling Dexscreener for new tokens (triggered by WS: False)...
[2025-06-30 22:57:46] [DEBUG] DEBUG: 30 tokens found in initial Dexscreener profile poll.
[2025-06-30 22:57:46] [DEBUG] DEBUG: No new potential tokens found in this profile poll after checking seen tokens.
[2025-06-30 22:57:48] [INFO] Polling Dexscreener for new tokens (triggered by WS: False)...
[2025-06-30 22:57:49] [DEBUG] DEBUG: 30 tokens found in initial Dexscreener profile poll.
[2025-06-30 22:57:49] [DEBUG] DEBUG: No new potential tokens found in this profile poll after checking seen tokens.
[2025-06-30 22:57:51] [INFO] Polling Dexscreener for new tokens (triggered by WS: False)...
[2025-06-30 22:57:53] [DEBUG] DEBUG: 30 tokens found in initial Dexscreener profile poll.
[2025-06-30 22:57:53] [DEBUG] DEBUG: No new potential tokens found in this profile poll after checking seen tokens.
[2025-06-30 22:57:54] [INFO] Polling Dexscreener for new tokens (triggered by WS: False)...
[2025-06-30 22:57:55] [DEBUG] DEBUG: 30 tokens found in initial Dexscreener profile poll.
[2025-06-30 22:57:55] [DEBUG] DEBUG: No new potential tokens found in this profile poll after checking seen tokens.
[2025-06-30 22:57:57] [INFO] Polling Dexscreener for new tokens (triggered by WS: False)...
[2025-06-30 22:57:59] [DEBUG] DEBUG: 30 tokens found in initial Dexscreener profile poll.
[2025-06-30 22:58:00] [DEBUG] DEBUG: No new potential tokens found in this profile poll after checking seen tokens.
[2025-06-30 22:58:00] [INFO] Polling Dexscreener for new tokens (triggered by WS: False)...
[2025-06-30 22:58:01] [DEBUG] DEBUG: 30 tokens found in initial Dexscreener profile poll.
[2025-06-30 22:58:02] [DEBUG] DEBUG: No new potential tokens found in this profile poll after checking seen tokens.
[2025-06-30 22:58:03] [INFO] Polling Dexscreener for new tokens (triggered by WS: False)...
[2025-06-30 22:58:04] [DEBUG] DEBUG: 30 tokens found in initial Dexscreener profile poll.
[2025-06-30 22:58:04] [DEBUG] DEBUG: No new potential tokens found in this profile poll after checking seen tokens.
[2025-06-30 22:58:06] [INFO] Polling Dexscreener for new tokens (triggered by WS: False)...
[2025-06-30 22:58:08] [DEBUG] DEBUG: 30 tokens found in initial Dexscreener profile poll.
[2025-06-30 22:58:08] [DEBUG] DEBUG: No new potential tokens found in this profile poll after checking seen tokens.
[2025-06-30 22:58:09] [INFO] Polling Dexscreener for new tokens (triggered by WS: False)...
[2025-06-30 22:58:11] [DEBUG] DEBUG: 30 tokens found in initial Dexscreener profile poll.
[2025-06-30 22:58:11] [DEBUG] DEBUG: No new potential tokens found in this profile poll after checking seen tokens.
[2025-06-30 22:58:12] [INFO] Polling Dexscreener for new tokens (triggered by WS: False)...
[2025-06-30 22:58:14] [DEBUG] DEBUG: 30 tokens found in initial Dexscreener profile poll.
[2025-06-30 22:58:14] [DEBUG] DEBUG: No new potential tokens found in this profile poll after checking seen tokens.
[2025-06-30 22:58:15] [INFO] Polling Dexscreener for new tokens (triggered by WS: False)...
[2025-06-30 22:58:17] [DEBUG] DEBUG: 30 tokens found in initial Dexscreener profile poll.
[2025-06-30 22:58:17] [DEBUG] DEBUG: No new potential tokens found in this profile poll after checking seen tokens.
[2025-06-30 22:58:18] [INFO] Polling Dexscreener for new tokens (triggered by WS: False)...
[2025-06-30 22:58:20] [DEBUG] DEBUG: 30 tokens found in initial Dexscreener profile poll.
[2025-06-30 22:58:20] [DEBUG] DEBUG: No new potential tokens found in this profile poll after checking seen tokens.
[2025-06-30 22:58:21] [INFO] Polling Dexscreener for new tokens (triggered by WS: False)...
[2025-06-30 22:58:23] [DEBUG] DEBUG: 30 tokens found in initial Dexscreener profile poll.
[2025-06-30 22:58:23] [DEBUG] DEBUG: No new potential tokens found in this profile poll after checking seen tokens.
[2025-06-30 22:58:25] [INFO] Polling Dexscreener for new tokens (triggered by WS: False)...
[2025-06-30 22:58:27] [DEBUG] DEBUG: 30 tokens found in initial Dexscreener profile poll.
[2025-06-30 22:58:27] [DEBUG] DEBUG: No new potential tokens found in this profile poll after checking seen tokens.
[2025-06-30 22:58:28] [INFO] Polling Dexscreener for new tokens (triggered by WS: False)...
[2025-06-30 22:58:29] [DEBUG] DEBUG: 30 tokens found in initial Dexscreener profile poll.
[2025-06-30 22:58:29] [DEBUG] DEBUG: No new potential tokens found in this profile poll after checking seen tokens.
[2025-06-30 22:58:31] [INFO] Polling Dexscreener for new tokens (triggered by WS: False)...
[2025-06-30 22:58:32] [DEBUG] DEBUG: 30 tokens found in initial Dexscreener profile poll.
[2025-06-30 22:58:32] [DEBUG] DEBUG: No new potential tokens found in this profile poll after checking seen tokens.
[2025-06-30 22:58:34] [INFO] Polling Dexscreener for new tokens (triggered by WS: False)...
[2025-06-30 22:58:35] [DEBUG] DEBUG: 30 tokens found in initial Dexscreener profile poll.
[2025-06-30 22:58:35] [DEBUG] DEBUG: No new potential tokens found in this profile poll after checking seen tokens.
[2025-06-30 22:58:37] [INFO] Polling Dexscreener for new tokens (triggered by WS: False)...
[2025-06-30 22:58:38] [DEBUG] DEBUG: 30 tokens found in initial Dexscreener profile poll.
[2025-06-30 22:58:38] [DEBUG] DEBUG: No new potential tokens found in this profile poll after checking seen tokens.
[2025-06-30 22:58:40] [INFO] Polling Dexscreener for new tokens (triggered by WS: False)...
[2025-06-30 22:58:40] [DEBUG] Updated SOL price to $156.09
[2025-06-30 22:58:41] [DEBUG] DEBUG: 30 tokens found in initial Dexscreener profile poll.
[2025-06-30 22:58:41] [DEBUG] DEBUG: No new potential tokens found in this profile poll after checking seen tokens.
[2025-06-30 22:58:43] [INFO] Polling Dexscreener for new tokens (triggered by WS: False)...
[2025-06-30 22:58:44] [DEBUG] DEBUG: 30 tokens found in initial Dexscreener profile poll.
[2025-06-30 22:58:44] [DEBUG] DEBUG: No new potential tokens found in this profile poll after checking seen tokens.
[2025-06-30 22:58:46] [INFO] Polling Dexscreener for new tokens (triggered by WS: False)...
[2025-06-30 22:58:47] [DEBUG] DEBUG: 30 tokens found in initial Dexscreener profile poll.
[2025-06-30 22:58:47] [DEBUG] DEBUG: No new potential tokens found in this profile poll after checking seen tokens.
[2025-06-30 22:58:49] [INFO] Polling Dexscreener for new tokens (triggered by WS: False)...
[2025-06-30 22:58:50] [DEBUG] DEBUG: 30 tokens found in initial Dexscreener profile poll.
[2025-06-30 22:58:50] [DEBUG] DEBUG: No new potential tokens found in this profile poll after checking seen tokens.
[2025-06-30 22:58:52] [INFO] Polling Dexscreener for new tokens (triggered by WS: False)...
[2025-06-30 22:58:53] [DEBUG] DEBUG: 30 tokens found in initial Dexscreener profile poll.
[2025-06-30 22:58:53] [DEBUG] DEBUG: No new potential tokens found in this profile poll after checking seen tokens.
[2025-06-30 22:58:55] [INFO] Polling Dexscreener for new tokens (triggered by WS: False)...
[2025-06-30 22:58:56] [DEBUG] DEBUG: 30 tokens found in initial Dexscreener profile poll.
[2025-06-30 22:58:56] [DEBUG] DEBUG: No new potential tokens found in this profile poll after checking seen tokens.
[2025-06-30 22:58:58] [INFO] Polling Dexscreener for new tokens (triggered by WS: False)...
[2025-06-30 22:58:59] [DEBUG] DEBUG: 30 tokens found in initial Dexscreener profile poll.
[2025-06-30 22:59:00] [DEBUG] DEBUG: No new potential tokens found in this profile poll after checking seen tokens.
[2025-06-30 22:59:01] [INFO] Polling Dexscreener for new tokens (triggered by WS: False)...
[2025-06-30 22:59:02] [DEBUG] DEBUG: 30 tokens found in initial Dexscreener profile poll.
[2025-06-30 22:59:03] [DEBUG] DEBUG: No new potential tokens found in this profile poll after checking seen tokens.
[2025-06-30 22:59:04] [INFO] Polling Dexscreener for new tokens (triggered by WS: False)...
[2025-06-30 22:59:05] [DEBUG] DEBUG: 30 tokens found in initial Dexscreener profile poll.
[2025-06-30 22:59:05] [DEBUG] DEBUG: No new potential tokens found in this profile poll after checking seen tokens.
[2025-06-30 22:59:07] [INFO] Polling Dexscreener for new tokens (triggered by WS: False)...
[2025-06-30 22:59:08] [DEBUG] DEBUG: 30 tokens found in initial Dexscreener profile poll.
[2025-06-30 22:59:08] [DEBUG] DEBUG: No new potential tokens found in this profile poll after checking seen tokens.
[2025-06-30 22:59:10] [INFO] Polling Dexscreener for new tokens (triggered by WS: False)...
[2025-06-30 22:59:12] [DEBUG] DEBUG: 30 tokens found in initial Dexscreener profile poll.
[2025-06-30 22:59:12] [DEBUG] DEBUG: No new potential tokens found in this profile poll after checking seen tokens.
[2025-06-30 22:59:13] [INFO] Polling Dexscreener for new tokens (triggered by WS: False)...
[2025-06-30 22:59:15] [DEBUG] DEBUG: 30 tokens found in initial Dexscreener profile poll.
[2025-06-30 22:59:15] [DEBUG] DEBUG: No new potential tokens found in this profile poll after checking seen tokens.
[2025-06-30 22:59:16] [INFO] Polling Dexscreener for new tokens (triggered by WS: False)...
[2025-06-30 22:59:18] [DEBUG] DEBUG: 30 tokens found in initial Dexscreener profile poll.
[2025-06-30 22:59:18] [DEBUG] DEBUG: No new potential tokens found in this profile poll after checking seen tokens.
[2025-06-30 22:59:19] [INFO] Polling Dexscreener for new tokens (triggered by WS: False)...
[2025-06-30 22:59:21] [DEBUG] DEBUG: 30 tokens found in initial Dexscreener profile poll.
[2025-06-30 22:59:21] [DEBUG] DEBUG: No new potential tokens found in this profile poll after checking seen tokens.
[2025-06-30 22:59:23] [INFO] Polling Dexscreener for new tokens (triggered by WS: False)...
[2025-06-30 22:59:24] [DEBUG] DEBUG: 30 tokens found in initial Dexscreener profile poll.
[2025-06-30 22:59:24] [DEBUG] DEBUG: No new potential tokens found in this profile poll after checking seen tokens.
[2025-06-30 22:59:26] [INFO] Polling Dexscreener for new tokens (triggered by WS: False)...
[2025-06-30 22:59:27] [DEBUG] DEBUG: 30 tokens found in initial Dexscreener profile poll.
[2025-06-30 22:59:27] [DEBUG] DEBUG: No new potential tokens found in this profile poll after checking seen tokens.
[2025-06-30 22:59:29] [INFO] Polling Dexscreener for new tokens (triggered by WS: False)...
[2025-06-30 22:59:30] [DEBUG] DEBUG: 30 tokens found in initial Dexscreener profile poll.
[2025-06-30 22:59:30] [DEBUG] DEBUG: No new potential tokens found in this profile poll after checking seen tokens.
[2025-06-30 22:59:32] [INFO] Polling Dexscreener for new tokens (triggered by WS: False)...
[2025-06-30 22:59:33] [DEBUG] DEBUG: 30 tokens found in initial Dexscreener profile poll.
[2025-06-30 22:59:33] [DEBUG] DEBUG: No new potential tokens found in this profile poll after checking seen tokens.
[2025-06-30 22:59:35] [INFO] Polling Dexscreener for new tokens (triggered by WS: False)...
[2025-06-30 22:59:36] [DEBUG] DEBUG: 30 tokens found in initial Dexscreener profile poll.
[2025-06-30 22:59:36] [DEBUG] DEBUG: No new potential tokens found in this profile poll after checking seen tokens.
[2025-06-30 22:59:38] [INFO] Polling Dexscreener for new tokens (triggered by WS: False)...
[2025-06-30 22:59:39] [DEBUG] DEBUG: 30 tokens found in initial Dexscreener profile poll.
[2025-06-30 22:59:39] [DEBUG] DEBUG: No new potential tokens found in this profile poll after checking seen tokens.
[2025-06-30 22:59:40] [DEBUG] Updated SOL price to $156.09
[2025-06-30 22:59:41] [INFO] Polling Dexscreener for new tokens (triggered by WS: False)...
[2025-06-30 22:59:42] [DEBUG] DEBUG: 30 tokens found in initial Dexscreener profile poll.
[2025-06-30 22:59:42] [DEBUG] DEBUG: No new potential tokens found in this profile poll after checking seen tokens.
[2025-06-30 22:59:44] [INFO] Polling Dexscreener for new tokens (triggered by WS: False)...
[2025-06-30 22:59:45] [DEBUG] DEBUG: 30 tokens found in initial Dexscreener profile poll.
[2025-06-30 22:59:45] [DEBUG] DEBUG: No new potential tokens found in this profile poll after checking seen tokens.
[2025-06-30 22:59:47] [INFO] Polling Dexscreener for new tokens (triggered by WS: False)...
[2025-06-30 22:59:48] [DEBUG] DEBUG: 30 tokens found in initial Dexscreener profile poll.
[2025-06-30 22:59:48] [DEBUG] DEBUG: No new potential tokens found in this profile poll after checking seen tokens.
[2025-06-30 22:59:50] [INFO] Polling Dexscreener for new tokens (triggered by WS: False)...
[2025-06-30 22:59:51] [DEBUG] DEBUG: 30 tokens found in initial Dexscreener profile poll.
[2025-06-30 22:59:51] [DEBUG] DEBUG: No new potential tokens found in this profile poll after checking seen tokens.
[2025-06-30 22:59:53] [INFO] Polling Dexscreener for new tokens (triggered by WS: False)...
[2025-06-30 22:59:54] [DEBUG] DEBUG: 30 tokens found in initial Dexscreener profile poll.
[2025-06-30 22:59:54] [DEBUG] DEBUG: No new potential tokens found in this profile poll after checking seen tokens.
[2025-06-30 22:59:56] [INFO] Polling Dexscreener for new tokens (triggered by WS: False)...
[2025-06-30 22:59:57] [DEBUG] DEBUG: 30 tokens found in initial Dexscreener profile poll.
[2025-06-30 22:59:57] [DEBUG] DEBUG: No new potential tokens found in this profile poll after checking seen tokens.
[2025-06-30 22:59:59] [INFO] Polling Dexscreener for new tokens (triggered by WS: False)...
[2025-06-30 23:00:00] [DEBUG] DEBUG: 30 tokens found in initial Dexscreener profile poll.
[2025-06-30 23:00:00] [DEBUG] DEBUG: No new potential tokens found in this profile poll after checking seen tokens.
[2025-06-30 23:00:02] [INFO] Polling Dexscreener for new tokens (triggered by WS: False)...
[2025-06-30 23:00:03] [DEBUG] DEBUG: 30 tokens found in initial Dexscreener profile poll.
[2025-06-30 23:00:03] [DEBUG] DEBUG: No new potential tokens found in this profile poll after checking seen tokens.
[2025-06-30 23:00:05] [INFO] Polling Dexscreener for new tokens (triggered by WS: False)...
[2025-06-30 23:00:07] [DEBUG] DEBUG: 30 tokens found in initial Dexscreener profile poll.
[2025-06-30 23:00:07] [DEBUG] DEBUG: No new potential tokens found in this profile poll after checking seen tokens.
[2025-06-30 23:00:08] [INFO] Polling Dexscreener for new tokens (triggered by WS: False)...
[2025-06-30 23:00:10] [DEBUG] DEBUG: 30 tokens found in initial Dexscreener profile poll.
[2025-06-30 23:00:10] [DEBUG] DEBUG: No new potential tokens found in this profile poll after checking seen tokens.
[2025-06-30 23:00:11] [INFO] Polling Dexscreener for new tokens (triggered by WS: False)...
[2025-06-30 23:00:13] [DEBUG] DEBUG: 30 tokens found in initial Dexscreener profile poll.
[2025-06-30 23:00:13] [DEBUG] DEBUG: No new potential tokens found in this profile poll after checking seen tokens.
[2025-06-30 23:00:14] [INFO] Polling Dexscreener for new tokens (triggered by WS: False)...
[2025-06-30 23:00:16] [DEBUG] DEBUG: 30 tokens found in initial Dexscreener profile poll.
[2025-06-30 23:00:16] [DEBUG] DEBUG: No new potential tokens found in this profile poll after checking seen tokens.
[2025-06-30 23:00:17] [INFO] Polling Dexscreener for new tokens (triggered by WS: False)...
[2025-06-30 23:00:19] [DEBUG] DEBUG: 30 tokens found in initial Dexscreener profile poll.
[2025-06-30 23:00:19] [DEBUG] DEBUG: No new potential tokens found in this profile poll after checking seen tokens.
[2025-06-30 23:00:20] [INFO] Polling Dexscreener for new tokens (triggered by WS: False)...
[2025-06-30 23:00:22] [DEBUG] DEBUG: 30 tokens found in initial Dexscreener profile poll.
[2025-06-30 23:00:22] [DEBUG] DEBUG: No new potential tokens found in this profile poll after checking seen tokens.
[2025-06-30 23:00:24] [INFO] Polling Dexscreener for new tokens (triggered by WS: False)...
[2025-06-30 23:00:26] [DEBUG] DEBUG: 30 tokens found in initial Dexscreener profile poll.
[2025-06-30 23:00:26] [DEBUG] DEBUG: No new potential tokens found in this profile poll after checking seen tokens.
[2025-06-30 23:00:27] [INFO] Polling Dexscreener for new tokens (triggered by WS: False)...
[2025-06-30 23:00:28] [DEBUG] DEBUG: 30 tokens found in initial Dexscreener profile poll.
[2025-06-30 23:00:28] [DEBUG] DEBUG: No new potential tokens found in this profile poll after checking seen tokens.
[2025-06-30 23:00:30] [INFO] Polling Dexscreener for new tokens (triggered by WS: False)...
[2025-06-30 23:00:31] [DEBUG] DEBUG: 30 tokens found in initial Dexscreener profile poll.
[2025-06-30 23:00:31] [DEBUG] DEBUG: No new potential tokens found in this profile poll after checking seen tokens.
[2025-06-30 23:00:33] [INFO] Polling Dexscreener for new tokens (triggered by WS: False)...
[2025-06-30 23:00:34] [DEBUG] DEBUG: 30 tokens found in initial Dexscreener profile poll.
[2025-06-30 23:00:34] [DEBUG] DEBUG: No new potential tokens found in this profile poll after checking seen tokens.
[2025-06-30 23:00:36] [INFO] Polling Dexscreener for new tokens (triggered by WS: False)...
[2025-06-30 23:00:37] [DEBUG] DEBUG: 30 tokens found in initial Dexscreener profile poll.
[2025-06-30 23:00:37] [DEBUG] DEBUG: No new potential tokens found in this profile poll after checking seen tokens.
[2025-06-30 23:00:39] [INFO] Polling Dexscreener for new tokens (triggered by WS: False)...
[2025-06-30 23:00:40] [DEBUG] DEBUG: 30 tokens found in initial Dexscreener profile poll.
[2025-06-30 23:00:40] [DEBUG] DEBUG: No new potential tokens found in this profile poll after checking seen tokens.
[2025-06-30 23:00:40] [DEBUG] Updated SOL price to $155.98
[2025-06-30 23:00:42] [INFO] Polling Dexscreener for new tokens (triggered by WS: False)...
[2025-06-30 23:00:43] [DEBUG] DEBUG: 30 tokens found in initial Dexscreener profile poll.
[2025-06-30 23:00:43] [DEBUG] DEBUG: No new potential tokens found in this profile poll after checking seen tokens.
[2025-06-30 23:00:45] [INFO] Polling Dexscreener for new tokens (triggered by WS: False)...
[2025-06-30 23:00:46] [DEBUG] DEBUG: 30 tokens found in initial Dexscreener profile poll.
[2025-06-30 23:00:46] [DEBUG] DEBUG: No new potential tokens found in this profile poll after checking seen tokens.
[2025-06-30 23:00:48] [INFO] Polling Dexscreener for new tokens (triggered by WS: False)...
[2025-06-30 23:00:49] [DEBUG] DEBUG: 30 tokens found in initial Dexscreener profile poll.
[2025-06-30 23:00:49] [DEBUG] DEBUG: No new potential tokens found in this profile poll after checking seen tokens.
[2025-06-30 23:00:51] [INFO] Polling Dexscreener for new tokens (triggered by WS: False)...
[2025-06-30 23:00:52] [DEBUG] DEBUG: 30 tokens found in initial Dexscreener profile poll.
[2025-06-30 23:00:53] [DEBUG] DEBUG: No new potential tokens found in this profile poll after checking seen tokens.
[2025-06-30 23:00:54] [INFO] Polling Dexscreener for new tokens (triggered by WS: False)...
[2025-06-30 23:00:56] [DEBUG] DEBUG: 30 tokens found in initial Dexscreener profile poll.
[2025-06-30 23:00:56] [DEBUG] DEBUG: No new potential tokens found in this profile poll after checking seen tokens.
[2025-06-30 23:00:57] [INFO] Polling Dexscreener for new tokens (triggered by WS: False)...
[2025-06-30 23:00:58] [DEBUG] DEBUG: 30 tokens found in initial Dexscreener profile poll.
[2025-06-30 23:00:58] [DEBUG] DEBUG: No new potential tokens found in this profile poll after checking seen tokens.
[2025-06-30 23:01:00] [INFO] Polling Dexscreener for new tokens (triggered by WS: False)...
[2025-06-30 23:01:01] [DEBUG] DEBUG: 30 tokens found in initial Dexscreener profile poll.
[2025-06-30 23:01:01] [DEBUG] DEBUG: No new potential tokens found in this profile poll after checking seen tokens.
[2025-06-30 23:01:03] [INFO] Polling Dexscreener for new tokens (triggered by WS: False)...
[2025-06-30 23:01:05] [DEBUG] DEBUG: 30 tokens found in initial Dexscreener profile poll.
[2025-06-30 23:01:05] [DEBUG] DEBUG: No new potential tokens found in this profile poll after checking seen tokens.
[2025-06-30 23:01:06] [INFO] Polling Dexscreener for new tokens (triggered by WS: False)...
[2025-06-30 23:01:08] [DEBUG] DEBUG: 30 tokens found in initial Dexscreener profile poll.
[2025-06-30 23:01:08] [DEBUG] DEBUG: No new potential tokens found in this profile poll after checking seen tokens.
[2025-06-30 23:01:09] [INFO] Polling Dexscreener for new tokens (triggered by WS: False)...
[2025-06-30 23:01:11] [DEBUG] DEBUG: 30 tokens found in initial Dexscreener profile poll.
[2025-06-30 23:01:11] [DEBUG] DEBUG: No new potential tokens found in this profile poll after checking seen tokens.
[2025-06-30 23:01:12] [INFO] Polling Dexscreener for new tokens (triggered by WS: False)...
[2025-06-30 23:01:14] [DEBUG] DEBUG: 30 tokens found in initial Dexscreener profile poll.
[2025-06-30 23:01:14] [DEBUG] DEBUG: No new potential tokens found in this profile poll after checking seen tokens.
[2025-06-30 23:01:16] [INFO] Polling Dexscreener for new tokens (triggered by WS: False)...
[2025-06-30 23:01:17] [DEBUG] DEBUG: 30 tokens found in initial Dexscreener profile poll.
[2025-06-30 23:01:17] [DEBUG] DEBUG: No new potential tokens found in this profile poll after checking seen tokens.
[2025-06-30 23:01:19] [INFO] Polling Dexscreener for new tokens (triggered by WS: False)...
[2025-06-30 23:01:20] [DEBUG] DEBUG: 30 tokens found in initial Dexscreener profile poll.
[2025-06-30 23:01:20] [DEBUG] DEBUG: No new potential tokens found in this profile poll after checking seen tokens.
[2025-06-30 23:01:22] [INFO] Polling Dexscreener for new tokens (triggered by WS: False)...
[2025-06-30 23:01:23] [DEBUG] DEBUG: 30 tokens found in initial Dexscreener profile poll.
[2025-06-30 23:01:23] [DEBUG] DEBUG: No new potential tokens found in this profile poll after checking seen tokens.
[2025-06-30 23:01:25] [INFO] Polling Dexscreener for new tokens (triggered by WS: False)...
[2025-06-30 23:01:26] [DEBUG] DEBUG: 30 tokens found in initial Dexscreener profile poll.
[2025-06-30 23:01:27] [DEBUG] DEBUG: No new potential tokens found in this profile poll after checking seen tokens.
[2025-06-30 23:01:28] [INFO] Polling Dexscreener for new tokens (triggered by WS: False)...
[2025-06-30 23:01:29] [DEBUG] DEBUG: 30 tokens found in initial Dexscreener profile poll.
[2025-06-30 23:01:29] [DEBUG] DEBUG: No new potential tokens found in this profile poll after checking seen tokens.
[2025-06-30 23:01:31] [INFO] Polling Dexscreener for new tokens (triggered by WS: False)...
[2025-06-30 23:01:32] [DEBUG] DEBUG: 30 tokens found in initial Dexscreener profile poll.
[2025-06-30 23:01:32] [DEBUG] DEBUG: No new potential tokens found in this profile poll after checking seen tokens.
[2025-06-30 23:01:34] [INFO] Polling Dexscreener for new tokens (triggered by WS: False)...
[2025-06-30 23:01:35] [DEBUG] DEBUG: 30 tokens found in initial Dexscreener profile poll.
[2025-06-30 23:01:35] [DEBUG] DEBUG: No new potential tokens found in this profile poll after checking seen tokens.
[2025-06-30 23:01:37] [INFO] Polling Dexscreener for new tokens (triggered by WS: False)...
[2025-06-30 23:01:38] [DEBUG] DEBUG: 30 tokens found in initial Dexscreener profile poll.
[2025-06-30 23:01:38] [DEBUG] DEBUG: No new potential tokens found in this profile poll after checking seen tokens.
[2025-06-30 23:01:40] [INFO] Polling Dexscreener for new tokens (triggered by WS: False)...
[2025-06-30 23:01:40] [DEBUG] Updated SOL price to $155.95
[2025-06-30 23:01:40] [INFO] 
====================================================================================================
[2025-06-30 23:01:40] [INFO] ========================================== SESSION STATUS ==========================================
[2025-06-30 23:01:41] [INFO] ====================================================================================================
[2025-06-30 23:01:41] [INFO] Time Elapsed: 6m 0s | Remaining: 0m 0s
[2025-06-30 23:01:41] [INFO] Initial Portfolio Value: $100.00 USD
[2025-06-30 23:01:41] [INFO] Current Portfolio Value: $100.00 USD
[2025-06-30 23:01:41] [INFO] Session PnL (Realized): $0.00 USD
[2025-06-30 23:01:41] [INFO] Session PnL (Unrealized): $0.00 USD
[2025-06-30 23:01:41] [INFO] Session PnL (Total): $0.00 USD (+0.0%)
[2025-06-30 23:01:41] [INFO] ====================================================================================================
[2025-06-30 23:01:41] [DEBUG] DEBUG: 30 tokens found in initial Dexscreener profile poll.
[2025-06-30 23:01:42] [DEBUG] DEBUG: No new potential tokens found in this profile poll after checking seen tokens.
[2025-06-30 23:01:43] [INFO] Polling Dexscreener for new tokens (triggered by WS: False)...
[2025-06-30 23:01:44] [DEBUG] DEBUG: 30 tokens found in initial Dexscreener profile poll.
[2025-06-30 23:01:44] [DEBUG] DEBUG: No new potential tokens found in this profile poll after checking seen tokens.
[2025-06-30 23:01:46] [INFO] Polling Dexscreener for new tokens (triggered by WS: False)...
[2025-06-30 23:01:47] [DEBUG] DEBUG: 30 tokens found in initial Dexscreener profile poll.
[2025-06-30 23:01:47] [DEBUG] DEBUG: No new potential tokens found in this profile poll after checking seen tokens.
[2025-06-30 23:01:49] [INFO] Polling Dexscreener for new tokens (triggered by WS: False)...
[2025-06-30 23:01:50] [DEBUG] DEBUG: 30 tokens found in initial Dexscreener profile poll.
[2025-06-30 23:01:50] [DEBUG] DEBUG: No new potential tokens found in this profile poll after checking seen tokens.
[2025-06-30 23:01:52] [INFO] Polling Dexscreener for new tokens (triggered by WS: False)...
[2025-06-30 23:01:54] [DEBUG] DEBUG: 30 tokens found in initial Dexscreener profile poll.
[2025-06-30 23:01:56] [DEBUG] DEBUG: 0 tokens passed initial age check.
[2025-06-30 23:01:56] [DEBUG] DEBUG: 0 tokens will be fully evaluated (after age filter and max_tokens_per_poll limit).
[2025-06-30 23:01:56] [INFO] Finished Dexscreener poll. Processed 0 new potential tokens that met buy criteria.
[2025-06-30 23:01:59] [INFO] Polling Dexscreener for new tokens (triggered by WS: False)...
[2025-06-30 23:02:01] [DEBUG] DEBUG: 30 tokens found in initial Dexscreener profile poll.
[2025-06-30 23:02:01] [DEBUG] DEBUG: No new potential tokens found in this profile poll after checking seen tokens.
[2025-06-30 23:02:02] [INFO] Polling Dexscreener for new tokens (triggered by WS: False)...
[2025-06-30 23:02:03] [DEBUG] DEBUG: 30 tokens found in initial Dexscreener profile poll.
[2025-06-30 23:02:04] [DEBUG] DEBUG: No new potential tokens found in this profile poll after checking seen tokens.
[2025-06-30 23:02:05] [INFO] Polling Dexscreener for new tokens (triggered by WS: False)...
[2025-06-30 23:02:07] [DEBUG] DEBUG: 30 tokens found in initial Dexscreener profile poll.
[2025-06-30 23:02:07] [DEBUG] DEBUG: No new potential tokens found in this profile poll after checking seen tokens.
[2025-06-30 23:02:08] [INFO] Polling Dexscreener for new tokens (triggered by WS: False)...
[2025-06-30 23:02:11] [DEBUG] DEBUG: 30 tokens found in initial Dexscreener profile poll.
[2025-06-30 23:02:11] [DEBUG] DEBUG: No new potential tokens found in this profile poll after checking seen tokens.
[2025-06-30 23:02:11] [INFO] Polling Dexscreener for new tokens (triggered by WS: False)...
[2025-06-30 23:02:13] [DEBUG] DEBUG: 30 tokens found in initial Dexscreener profile poll.
[2025-06-30 23:02:13] [DEBUG] DEBUG: No new potential tokens found in this profile poll after checking seen tokens.
[2025-06-30 23:02:14] [INFO] Polling Dexscreener for new tokens (triggered by WS: False)...
[2025-06-30 23:02:16] [DEBUG] DEBUG: 30 tokens found in initial Dexscreener profile poll.
[2025-06-30 23:02:16] [DEBUG] DEBUG: No new potential tokens found in this profile poll after checking seen tokens.
[2025-06-30 23:02:17] [INFO] Polling Dexscreener for new tokens (triggered by WS: False)...
[2025-06-30 23:02:19] [DEBUG] DEBUG: 30 tokens found in initial Dexscreener profile poll.
[2025-06-30 23:02:19] [DEBUG] DEBUG: No new potential tokens found in this profile poll after checking seen tokens.
[2025-06-30 23:02:20] [INFO] Polling Dexscreener for new tokens (triggered by WS: False)...
[2025-06-30 23:02:22] [DEBUG] DEBUG: 30 tokens found in initial Dexscreener profile poll.
[2025-06-30 23:02:22] [DEBUG] DEBUG: No new potential tokens found in this profile poll after checking seen tokens.
[2025-06-30 23:02:23] [INFO] Polling Dexscreener for new tokens (triggered by WS: False)...
[2025-06-30 23:02:25] [DEBUG] DEBUG: 30 tokens found in initial Dexscreener profile poll.
[2025-06-30 23:02:25] [DEBUG] DEBUG: No new potential tokens found in this profile poll after checking seen tokens.
[2025-06-30 23:02:26] [INFO] Polling Dexscreener for new tokens (triggered by WS: False)...
[2025-06-30 23:02:28] [DEBUG] DEBUG: 30 tokens found in initial Dexscreener profile poll.
[2025-06-30 23:02:28] [DEBUG] DEBUG: No new potential tokens found in this profile poll after checking seen tokens.
[2025-06-30 23:02:29] [INFO] Polling Dexscreener for new tokens (triggered by WS: False)...
[2025-06-30 23:02:31] [DEBUG] DEBUG: 30 tokens found in initial Dexscreener profile poll.
[2025-06-30 23:02:31] [DEBUG] DEBUG: No new potential tokens found in this profile poll after checking seen tokens.
[2025-06-30 23:02:32] [INFO] Polling Dexscreener for new tokens (triggered by WS: False)...
[2025-06-30 23:02:34] [DEBUG] DEBUG: 30 tokens found in initial Dexscreener profile poll.
[2025-06-30 23:02:34] [DEBUG] DEBUG: No new potential tokens found in this profile poll after checking seen tokens.
[2025-06-30 23:02:36] [INFO] Polling Dexscreener for new tokens (triggered by WS: False)...
[2025-06-30 23:02:37] [DEBUG] DEBUG: 30 tokens found in initial Dexscreener profile poll.
[2025-06-30 23:02:38] [DEBUG] DEBUG: No new potential tokens found in this profile poll after checking seen tokens.
[2025-06-30 23:02:39] [INFO] Polling Dexscreener for new tokens (triggered by WS: False)...
[2025-06-30 23:02:42] [DEBUG] DEBUG: 30 tokens found in initial Dexscreener profile poll.
[2025-06-30 23:02:43] [DEBUG] DEBUG: No new potential tokens found in this profile poll after checking seen tokens.
[2025-06-30 23:02:43] [INFO] Polling Dexscreener for new tokens (triggered by WS: False)...
[2025-06-30 23:02:44] [DEBUG] Updated SOL price to $155.96
[2025-06-30 23:02:45] [DEBUG] DEBUG: 30 tokens found in initial Dexscreener profile poll.
[2025-06-30 23:02:45] [DEBUG] DEBUG: No new potential tokens found in this profile poll after checking seen tokens.
[2025-06-30 23:02:46] [INFO] Polling Dexscreener for new tokens (triggered by WS: False)...
[2025-06-30 23:02:47] [DEBUG] DEBUG: 30 tokens found in initial Dexscreener profile poll.
[2025-06-30 23:02:47] [DEBUG] DEBUG: No new potential tokens found in this profile poll after checking seen tokens.
[2025-06-30 23:02:49] [INFO] Polling Dexscreener for new tokens (triggered by WS: False)...
[2025-06-30 23:02:50] [DEBUG] DEBUG: 30 tokens found in initial Dexscreener profile poll.
[2025-06-30 23:02:50] [DEBUG] DEBUG: No new potential tokens found in this profile poll after checking seen tokens.
[2025-06-30 23:02:52] [INFO] Polling Dexscreener for new tokens (triggered by WS: False)...
[2025-06-30 23:02:53] [DEBUG] DEBUG: 30 tokens found in initial Dexscreener profile poll.
[2025-06-30 23:02:53] [DEBUG] DEBUG: No new potential tokens found in this profile poll after checking seen tokens.
[2025-06-30 23:02:55] [INFO] Polling Dexscreener for new tokens (triggered by WS: False)...
[2025-06-30 23:02:56] [DEBUG] DEBUG: 30 tokens found in initial Dexscreener profile poll.
[2025-06-30 23:02:56] [DEBUG] DEBUG: No new potential tokens found in this profile poll after checking seen tokens.
[2025-06-30 23:02:58] [INFO] Polling Dexscreener for new tokens (triggered by WS: False)...
[2025-06-30 23:02:59] [DEBUG] DEBUG: 30 tokens found in initial Dexscreener profile poll.
[2025-06-30 23:02:59] [DEBUG] DEBUG: No new potential tokens found in this profile poll after checking seen tokens.
[2025-06-30 23:03:01] [INFO] Polling Dexscreener for new tokens (triggered by WS: False)...
[2025-06-30 23:03:03] [DEBUG] DEBUG: 30 tokens found in initial Dexscreener profile poll.
[2025-06-30 23:03:03] [DEBUG] DEBUG: No new potential tokens found in this profile poll after checking seen tokens.
[2025-06-30 23:03:04] [INFO] Polling Dexscreener for new tokens (triggered by WS: False)...
[2025-06-30 23:03:07] [DEBUG] DEBUG: 30 tokens found in initial Dexscreener profile poll.
[2025-06-30 23:03:07] [DEBUG] DEBUG: No new potential tokens found in this profile poll after checking seen tokens.
[2025-06-30 23:03:07] [INFO] Polling Dexscreener for new tokens (triggered by WS: False)...
[2025-06-30 23:03:10] [DEBUG] DEBUG: 30 tokens found in initial Dexscreener profile poll.
[2025-06-30 23:03:10] [DEBUG] DEBUG: No new potential tokens found in this profile poll after checking seen tokens.
[2025-06-30 23:03:10] [INFO] Polling Dexscreener for new tokens (triggered by WS: False)...
[2025-06-30 23:03:13] [DEBUG] DEBUG: 30 tokens found in initial Dexscreener profile poll.
[2025-06-30 23:03:13] [DEBUG] DEBUG: No new potential tokens found in this profile poll after checking seen tokens.
[2025-06-30 23:03:13] [INFO] Polling Dexscreener for new tokens (triggered by WS: False)...
[2025-06-30 23:03:15] [DEBUG] DEBUG: 30 tokens found in initial Dexscreener profile poll.
[2025-06-30 23:03:15] [DEBUG] DEBUG: No new potential tokens found in this profile poll after checking seen tokens.
[2025-06-30 23:03:16] [INFO] Polling Dexscreener for new tokens (triggered by WS: False)...
[2025-06-30 23:03:20] [DEBUG] DEBUG: 30 tokens found in initial Dexscreener profile poll.
[2025-06-30 23:03:20] [DEBUG] DEBUG: No new potential tokens found in this profile poll after checking seen tokens.
[2025-06-30 23:03:20] [INFO] Polling Dexscreener for new tokens (triggered by WS: False)...
[2025-06-30 23:03:21] [DEBUG] DEBUG: 30 tokens found in initial Dexscreener profile poll.
[2025-06-30 23:03:21] [DEBUG] DEBUG: No new potential tokens found in this profile poll after checking seen tokens.
[2025-06-30 23:03:23] [INFO] Polling Dexscreener for new tokens (triggered by WS: False)...
[2025-06-30 23:03:24] [DEBUG] DEBUG: 30 tokens found in initial Dexscreener profile poll.
[2025-06-30 23:03:24] [DEBUG] DEBUG: No new potential tokens found in this profile poll after checking seen tokens.
[2025-06-30 23:03:26] [INFO] Polling Dexscreener for new tokens (triggered by WS: False)...
[2025-06-30 23:03:27] [DEBUG] DEBUG: 30 tokens found in initial Dexscreener profile poll.
[2025-06-30 23:03:27] [DEBUG] DEBUG: No new potential tokens found in this profile poll after checking seen tokens.
[2025-06-30 23:03:29] [INFO] Polling Dexscreener for new tokens (triggered by WS: False)...
[2025-06-30 23:03:30] [DEBUG] DEBUG: 30 tokens found in initial Dexscreener profile poll.
[2025-06-30 23:03:30] [DEBUG] DEBUG: No new potential tokens found in this profile poll after checking seen tokens.
[2025-06-30 23:03:32] [INFO] Polling Dexscreener for new tokens (triggered by WS: False)...
[2025-06-30 23:03:33] [DEBUG] DEBUG: 30 tokens found in initial Dexscreener profile poll.
[2025-06-30 23:03:33] [DEBUG] DEBUG: No new potential tokens found in this profile poll after checking seen tokens.
[2025-06-30 23:03:35] [INFO] Polling Dexscreener for new tokens (triggered by WS: False)...
[2025-06-30 23:03:36] [DEBUG] DEBUG: 30 tokens found in initial Dexscreener profile poll.
[2025-06-30 23:03:36] [DEBUG] DEBUG: No new potential tokens found in this profile poll after checking seen tokens.
[2025-06-30 23:03:38] [INFO] Polling Dexscreener for new tokens (triggered by WS: False)...
[2025-06-30 23:03:39] [DEBUG] DEBUG: 30 tokens found in initial Dexscreener profile poll.
[2025-06-30 23:03:39] [DEBUG] DEBUG: No new potential tokens found in this profile poll after checking seen tokens.
[2025-06-30 23:03:40] [DEBUG] Updated SOL price to $156.01
[2025-06-30 23:03:41] [INFO] Polling Dexscreener for new tokens (triggered by WS: False)...
[2025-06-30 23:03:42] [DEBUG] DEBUG: 30 tokens found in initial Dexscreener profile poll.
[2025-06-30 23:03:42] [DEBUG] DEBUG: No new potential tokens found in this profile poll after checking seen tokens.
[2025-06-30 23:03:44] [INFO] Polling Dexscreener for new tokens (triggered by WS: False)...
[2025-06-30 23:03:45] [DEBUG] DEBUG: 30 tokens found in initial Dexscreener profile poll.
[2025-06-30 23:03:45] [DEBUG] DEBUG: No new potential tokens found in this profile poll after checking seen tokens.
[2025-06-30 23:03:47] [INFO] Polling Dexscreener for new tokens (triggered by WS: False)...
[2025-06-30 23:03:48] [DEBUG] DEBUG: 30 tokens found in initial Dexscreener profile poll.
[2025-06-30 23:03:48] [DEBUG] DEBUG: No new potential tokens found in this profile poll after checking seen tokens.
[2025-06-30 23:03:49] [INFO] Stopping bot threads...
[2025-06-30 23:03:50] [WARNING] Asynchronous loop stop timed out or encountered runtime error.
[2025-06-30 23:03:50] [INFO] Bot stopped.
[2025-06-30 23:03:49] [INFO] WebSocket listener cancelled.
[2025-06-30 23:03:51] [INFO] WebSocket loop closed.
